<?xml version="1.0" encoding="UTF-8"?>
<testng-results ignored="0" total="1" passed="1" failed="0" skipped="0">
  <reporter-output>
  </reporter-output>
  <suite started-at="2022-11-27T15:45:22 IST" name="Default suite" finished-at="2022-11-27T15:46:15 IST" duration-ms="52715">
    <groups>
    </groups>
    <test started-at="2022-11-27T15:45:22 IST" name="Default test" finished-at="2022-11-27T15:46:15 IST" duration-ms="52715">
      <class name="relevel.Relevel_Parkhe">
        <test-method is-config="true" signature="setUp()[pri:0, instance:relevel.Relevel_Parkhe@384ad17b]" started-at="2022-11-27T15:45:22 IST" name="setUp" finished-at="2022-11-27T15:46:15 IST" duration-ms="52624" status="PASS">
          <reporter-output>
          </reporter-output>
        </test-method> <!-- setUp -->
        <test-method signature="test1()[pri:0, instance:relevel.Relevel_Parkhe@384ad17b]" started-at="2022-11-27T15:46:15 IST" name="test1" finished-at="2022-11-27T15:46:15 IST" duration-ms="19" status="PASS">
          <reporter-output>
          </reporter-output>
        </test-method> <!-- test1 -->
        <test-method is-config="true" signature="tearDown()[pri:0, instance:relevel.Relevel_Parkhe@384ad17b]" started-at="2022-11-27T15:46:15 IST" name="tearDown" finished-at="2022-11-27T15:46:15 IST" duration-ms="0" status="PASS">
          <reporter-output>
          </reporter-output>
        </test-method> <!-- tearDown -->
      </class> <!-- relevel.Relevel_Parkhe -->
    </test> <!-- Default test -->
  </suite> <!-- Default suite -->
</testng-results>
